# JRE version: OpenJDK Runtime Environment Temurin-21.0.7+6 (21.0.7+6) (build 21.0.7+6-LTS)
# Java VM: OpenJDK 64-Bit Server VM Temurin-21.0.7+6 (21.0.7+6-LTS, mixed mode, sharing, tiered, compressed oops, compressed class ptrs, parallel gc, windows-amd64)
GC Precious Log:
 CardTable entry size: 512
 CPUs: 8 total, 8 available
 Memory: 7885M
 Large Page Support: Disabled
 NUMA Support: Disabled
 Compressed Oops: Enabled (32-bit)
 Alignments: Space 512K, Generation 512K, Heap 2M
 Heap Min Capacity: 100M
 Heap Initial Capacity: 100M
 Heap Max Capacity: 1G
 Pre-touch: Disabled
 Parallel Workers: 8
Heap:
 PSYoungGen      total 22016K, used 14643K [0x00000000eab00000, 0x00000000ec280000, 0x0000000100000000)
  eden space 21504K, 67% used [0x00000000eab00000,0x00000000eb914fa0,0x00000000ec000000)
  from space 512K, 43% used [0x00000000ec200000,0x00000000ec238000,0x00000000ec280000)
  to   space 512K, 0% used [0x00000000ec180000,0x00000000ec180000,0x00000000ec200000)
 ParOldGen       total 68608K, used 30383K [0x00000000c0000000, 0x00000000c4300000, 0x00000000eab00000)
  object space 68608K, 44% used [0x00000000c0000000,0x00000000c1dabce0,0x00000000c4300000)
 Metaspace       used 40211K, committed 41216K, reserved 1114112K
  class space    used 3931K, committed 4352K, reserved 1048576K
GC Heap History (20 events):
Event: 9.315 GC heap before
{Heap before GC invocations=17 (full 1):
 PSYoungGen      total 24064K, used 23776K [0x00000000eab00000, 0x00000000ec500000, 0x0000000100000000)
  eden space 21504K, 100% used [0x00000000eab00000,0x00000000ec000000,0x00000000ec000000)
  from space 2560K, 88% used [0x00000000ec000000,0x00000000ec238010,0x00000000ec280000)
  to   space 2560K, 0% used [0x00000000ec280000,0x00000000ec280000,0x00000000ec500000)
 ParOldGen       total 68608K, used 24112K [0x00000000c0000000, 0x00000000c4300000, 0x00000000eab00000)
  object space 68608K, 35% used [0x00000000c0000000,0x00000000c178c290,0x00000000c4300000)
 Metaspace       used 33726K, committed 34688K, reserved 1114112K
  class space    used 3351K, committed 3776K, reserved 1048576K
}
Event: 9.322 GC heap after
{Heap after GC invocations=17 (full 1):
 PSYoungGen      total 23552K, used 1912K [0x00000000eab00000, 0x00000000ec480000, 0x0000000100000000)
  eden space 21504K, 0% used [0x00000000eab00000,0x00000000eab00000,0x00000000ec000000)
  from space 2048K, 93% used [0x00000000ec280000,0x00000000ec45e200,0x00000000ec480000)
  to   space 2048K, 0% used [0x00000000ec080000,0x00000000ec080000,0x00000000ec280000)
 ParOldGen       total 68608K, used 26224K [0x00000000c0000000, 0x00000000c4300000, 0x00000000eab00000)
  object space 68608K, 38% used [0x00000000c0000000,0x00000000c199c2a0,0x00000000c4300000)
 Metaspace       used 33726K, committed 34688K, reserved 1114112K
  class space    used 3351K, committed 3776K, reserved 1048576K
}
Event: 9.731 GC heap before
{Heap before GC invocations=18 (full 1):
 PSYoungGen      total 23552K, used 23416K [0x00000000eab00000, 0x00000000ec480000, 0x0000000100000000)
  eden space 21504K, 100% used [0x00000000eab00000,0x00000000ec000000,0x00000000ec000000)
  from space 2048K, 93% used [0x00000000ec280000,0x00000000ec45e200,0x00000000ec480000)
  to   space 2048K, 0% used [0x00000000ec080000,0x00000000ec080000,0x00000000ec280000)
 ParOldGen       total 68608K, used 26224K [0x00000000c0000000, 0x00000000c4300000, 0x00000000eab00000)
  object space 68608K, 38% used [0x00000000c0000000,0x00000000c199c2a0,0x00000000c4300000)
 Metaspace       used 34489K, committed 35520K, reserved 1114112K
  class space    used 3441K, committed 3904K, reserved 1048576K
}
Event: 9.735 GC heap after
{Heap after GC invocations=18 (full 1):
 PSYoungGen      total 23552K, used 2023K [0x00000000eab00000, 0x00000000ec400000, 0x0000000100000000)
  eden space 21504K, 0% used [0x00000000eab00000,0x00000000eab00000,0x00000000ec000000)
  from space 2048K, 98% used [0x00000000ec080000,0x00000000ec279cf0,0x00000000ec280000)
  to   space 1536K, 0% used [0x00000000ec280000,0x00000000ec280000,0x00000000ec400000)
 ParOldGen       total 68608K, used 28049K [0x00000000c0000000, 0x00000000c4300000, 0x00000000eab00000)
  object space 68608K, 40% used [0x00000000c0000000,0x00000000c1b644a0,0x00000000c4300000)
 Metaspace       used 34489K, committed 35520K, reserved 1114112K
  class space    used 3441K, committed 3904K, reserved 1048576K
}
Event: 9.781 GC heap before
{Heap before GC invocations=19 (full 1):
 PSYoungGen      total 23552K, used 3956K [0x00000000eab00000, 0x00000000ec400000, 0x0000000100000000)
  eden space 21504K, 8% used [0x00000000eab00000,0x00000000eace3468,0x00000000ec000000)
  from space 2048K, 98% used [0x00000000ec080000,0x00000000ec279cf0,0x00000000ec280000)
  to   space 1536K, 0% used [0x00000000ec280000,0x00000000ec280000,0x00000000ec400000)
 ParOldGen       total 68608K, used 28049K [0x00000000c0000000, 0x00000000c4300000, 0x00000000eab00000)
  object space 68608K, 40% used [0x00000000c0000000,0x00000000c1b644a0,0x00000000c4300000)
 Metaspace       used 34866K, committed 35840K, reserved 1114112K
  class space    used 3467K, committed 3904K, reserved 1048576K
}
Event: 9.783 GC heap after
{Heap after GC invocations=19 (full 1):
 PSYoungGen      total 22016K, used 160K [0x00000000eab00000, 0x00000000ec300000, 0x0000000100000000)
  eden space 21504K, 0% used [0x00000000eab00000,0x00000000eab00000,0x00000000ec000000)
  from space 512K, 31% used [0x00000000ec280000,0x00000000ec2a8000,0x00000000ec300000)
  to   space 1024K, 0% used [0x00000000ec100000,0x00000000ec100000,0x00000000ec200000)
 ParOldGen       total 68608K, used 29701K [0x00000000c0000000, 0x00000000c4300000, 0x00000000eab00000)
  object space 68608K, 43% used [0x00000000c0000000,0x00000000c1d01478,0x00000000c4300000)
 Metaspace       used 34866K, committed 35840K, reserved 1114112K
  class space    used 3467K, committed 3904K, reserved 1048576K
}
Event: 9.783 GC heap before
{Heap before GC invocations=20 (full 2):
 PSYoungGen      total 22016K, used 160K [0x00000000eab00000, 0x00000000ec300000, 0x0000000100000000)
  eden space 21504K, 0% used [0x00000000eab00000,0x00000000eab00000,0x00000000ec000000)
  from space 512K, 31% used [0x00000000ec280000,0x00000000ec2a8000,0x00000000ec300000)
  to   space 1024K, 0% used [0x00000000ec100000,0x00000000ec100000,0x00000000ec200000)
 ParOldGen       total 68608K, used 29701K [0x00000000c0000000, 0x00000000c4300000, 0x00000000eab00000)
  object space 68608K, 43% used [0x00000000c0000000,0x00000000c1d01478,0x00000000c4300000)
 Metaspace       used 34866K, committed 35840K, reserved 1114112K
  class space    used 3467K, committed 3904K, reserved 1048576K
}
Event: 9.869 GC heap after
{Heap after GC invocations=20 (full 2):
 PSYoungGen      total 22016K, used 0K [0x00000000eab00000, 0x00000000ec300000, 0x0000000100000000)
  eden space 21504K, 0% used [0x00000000eab00000,0x00000000eab00000,0x00000000ec000000)
  from space 512K, 0% used [0x00000000ec280000,0x00000000ec280000,0x00000000ec300000)
  to   space 1024K, 0% used [0x00000000ec100000,0x00000000ec100000,0x00000000ec200000)
 ParOldGen       total 68608K, used 28139K [0x00000000c0000000, 0x00000000c4300000, 0x00000000eab00000)
  object space 68608K, 41% used [0x00000000c0000000,0x00000000c1b7aca0,0x00000000c4300000)
 Metaspace       used 34853K, committed 35840K, reserved 1114112K
  class space    used 3463K, committed 3904K, reserved 1048576K
}
Event: 10.701 GC heap before
{Heap before GC invocations=21 (full 2):
 PSYoungGen      total 22016K, used 21496K [0x00000000eab00000, 0x00000000ec300000, 0x0000000100000000)
  eden space 21504K, 99% used [0x00000000eab00000,0x00000000ebffe0d8,0x00000000ec000000)
  from space 512K, 0% used [0x00000000ec280000,0x00000000ec280000,0x00000000ec300000)
  to   space 1024K, 0% used [0x00000000ec100000,0x00000000ec100000,0x00000000ec200000)
 ParOldGen       total 68608K, used 28139K [0x00000000c0000000, 0x00000000c4300000, 0x00000000eab00000)
  object space 68608K, 41% used [0x00000000c0000000,0x00000000c1b7aca0,0x00000000c4300000)
 Metaspace       used 35956K, committed 36928K, reserved 1114112K
  class space    used 3594K, committed 4032K, reserved 1048576K
}
Event: 10.702 GC heap after
{Heap after GC invocations=21 (full 2):
 PSYoungGen      total 22528K, used 448K [0x00000000eab00000, 0x00000000ec300000, 0x0000000100000000)
  eden space 21504K, 0% used [0x00000000eab00000,0x00000000eab00000,0x00000000ec000000)
  from space 1024K, 43% used [0x00000000ec100000,0x00000000ec170000,0x00000000ec200000)
  to   space 1024K, 0% used [0x00000000ec200000,0x00000000ec200000,0x00000000ec300000)
 ParOldGen       total 68608K, used 28147K [0x00000000c0000000, 0x00000000c4300000, 0x00000000eab00000)
  object space 68608K, 41% used [0x00000000c0000000,0x00000000c1b7cca0,0x00000000c4300000)
 Metaspace       used 35956K, committed 36928K, reserved 1114112K
  class space    used 3594K, committed 4032K, reserved 1048576K
}
Event: 11.887 GC heap before
{Heap before GC invocations=22 (full 2):
 PSYoungGen      total 22528K, used 21952K [0x00000000eab00000, 0x00000000ec300000, 0x0000000100000000)
  eden space 21504K, 100% used [0x00000000eab00000,0x00000000ec000000,0x00000000ec000000)
  from space 1024K, 43% used [0x00000000ec100000,0x00000000ec170000,0x00000000ec200000)
  to   space 1024K, 0% used [0x00000000ec200000,0x00000000ec200000,0x00000000ec300000)
 ParOldGen       total 68608K, used 28147K [0x00000000c0000000, 0x00000000c4300000, 0x00000000eab00000)
  object space 68608K, 41% used [0x00000000c0000000,0x00000000c1b7cca0,0x00000000c4300000)
 Metaspace       used 38312K, committed 39424K, reserved 1114112K
  class space    used 3847K, committed 4352K, reserved 1048576K
}
Event: 11.890 GC heap after
{Heap after GC invocations=22 (full 2):
 PSYoungGen      total 22528K, used 912K [0x00000000eab00000, 0x00000000ec300000, 0x0000000100000000)
  eden space 21504K, 0% used [0x00000000eab00000,0x00000000eab00000,0x00000000ec000000)
  from space 1024K, 89% used [0x00000000ec200000,0x00000000ec2e4028,0x00000000ec300000)
  to   space 1024K, 0% used [0x00000000ec100000,0x00000000ec100000,0x00000000ec200000)
 ParOldGen       total 68608K, used 28435K [0x00000000c0000000, 0x00000000c4300000, 0x00000000eab00000)
  object space 68608K, 41% used [0x00000000c0000000,0x00000000c1bc4cb0,0x00000000c4300000)
 Metaspace       used 38312K, committed 39424K, reserved 1114112K
  class space    used 3847K, committed 4352K, reserved 1048576K
}
Event: 13.707 GC heap before
{Heap before GC invocations=23 (full 2):
 PSYoungGen      total 22528K, used 22416K [0x00000000eab00000, 0x00000000ec300000, 0x0000000100000000)
  eden space 21504K, 100% used [0x00000000eab00000,0x00000000ec000000,0x00000000ec000000)
  from space 1024K, 89% used [0x00000000ec200000,0x00000000ec2e4028,0x00000000ec300000)
  to   space 1024K, 0% used [0x00000000ec100000,0x00000000ec100000,0x00000000ec200000)
 ParOldGen       total 68608K, used 28435K [0x00000000c0000000, 0x00000000c4300000, 0x00000000eab00000)
  object space 68608K, 41% used [0x00000000c0000000,0x00000000c1bc4cb0,0x00000000c4300000)
 Metaspace       used 39390K, committed 40448K, reserved 1114112K
  class space    used 3921K, committed 4352K, reserved 1048576K
}
Event: 13.710 GC heap after
{Heap after GC invocations=23 (full 2):
 PSYoungGen      total 22528K, used 752K [0x00000000eab00000, 0x00000000ec280000, 0x0000000100000000)
  eden space 21504K, 0% used [0x00000000eab00000,0x00000000eab00000,0x00000000ec000000)
  from space 1024K, 73% used [0x00000000ec100000,0x00000000ec1bc030,0x00000000ec200000)
  to   space 512K, 0% used [0x00000000ec200000,0x00000000ec200000,0x00000000ec280000)
 ParOldGen       total 68608K, used 29235K [0x00000000c0000000, 0x00000000c4300000, 0x00000000eab00000)
  object space 68608K, 42% used [0x00000000c0000000,0x00000000c1c8ccd8,0x00000000c4300000)
 Metaspace       used 39390K, committed 40448K, reserved 1114112K
  class space    used 3921K, committed 4352K, reserved 1048576K
}
Event: 17.774 GC heap before
{Heap before GC invocations=24 (full 2):
 PSYoungGen      total 22528K, used 22256K [0x00000000eab00000, 0x00000000ec280000, 0x0000000100000000)
  eden space 21504K, 100% used [0x00000000eab00000,0x00000000ec000000,0x00000000ec000000)
  from space 1024K, 73% used [0x00000000ec100000,0x00000000ec1bc030,0x00000000ec200000)
  to   space 512K, 0% used [0x00000000ec200000,0x00000000ec200000,0x00000000ec280000)
 ParOldGen       total 68608K, used 29235K [0x00000000c0000000, 0x00000000c4300000, 0x00000000eab00000)
  object space 68608K, 42% used [0x00000000c0000000,0x00000000c1c8ccd8,0x00000000c4300000)
 Metaspace       used 39721K, committed 40768K, reserved 1114112K
  class space    used 3923K, committed 4352K, reserved 1048576K
}
Event: 17.776 GC heap after
{Heap after GC invocations=24 (full 2):
 PSYoungGen      total 22016K, used 192K [0x00000000eab00000, 0x00000000ec280000, 0x0000000100000000)
  eden space 21504K, 0% used [0x00000000eab00000,0x00000000eab00000,0x00000000ec000000)
  from space 512K, 37% used [0x00000000ec200000,0x00000000ec230000,0x00000000ec280000)
  to   space 512K, 0% used [0x00000000ec180000,0x00000000ec180000,0x00000000ec200000)
 ParOldGen       total 68608K, used 29887K [0x00000000c0000000, 0x00000000c4300000, 0x00000000eab00000)
  object space 68608K, 43% used [0x00000000c0000000,0x00000000c1d2fc90,0x00000000c4300000)
 Metaspace       used 39721K, committed 40768K, reserved 1114112K
  class space    used 3923K, committed 4352K, reserved 1048576K
}
Event: 24.026 GC heap before
{Heap before GC invocations=25 (full 2):
 PSYoungGen      total 22016K, used 21696K [0x00000000eab00000, 0x00000000ec280000, 0x0000000100000000)
  eden space 21504K, 100% used [0x00000000eab00000,0x00000000ec000000,0x00000000ec000000)
  from space 512K, 37% used [0x00000000ec200000,0x00000000ec230000,0x00000000ec280000)
  to   space 512K, 0% used [0x00000000ec180000,0x00000000ec180000,0x00000000ec200000)
 ParOldGen       total 68608K, used 29887K [0x00000000c0000000, 0x00000000c4300000, 0x00000000eab00000)
  object space 68608K, 43% used [0x00000000c0000000,0x00000000c1d2fc90,0x00000000c4300000)
 Metaspace       used 39895K, committed 40960K, reserved 1114112K
  class space    used 3929K, committed 4352K, reserved 1048576K
}
Event: 24.027 GC heap after
{Heap after GC invocations=25 (full 2):
 PSYoungGen      total 22016K, used 464K [0x00000000eab00000, 0x00000000ec280000, 0x0000000100000000)
  eden space 21504K, 0% used [0x00000000eab00000,0x00000000eab00000,0x00000000ec000000)
  from space 512K, 90% used [0x00000000ec180000,0x00000000ec1f4030,0x00000000ec200000)
  to   space 512K, 0% used [0x00000000ec200000,0x00000000ec200000,0x00000000ec280000)
 ParOldGen       total 68608K, used 30007K [0x00000000c0000000, 0x00000000c4300000, 0x00000000eab00000)
  object space 68608K, 43% used [0x00000000c0000000,0x00000000c1d4dc90,0x00000000c4300000)
 Metaspace       used 39895K, committed 40960K, reserved 1114112K
  class space    used 3929K, committed 4352K, reserved 1048576K
}
Event: 26.173 GC heap before
{Heap before GC invocations=26 (full 2):
 PSYoungGen      total 22016K, used 21968K [0x00000000eab00000, 0x00000000ec280000, 0x0000000100000000)
  eden space 21504K, 100% used [0x00000000eab00000,0x00000000ec000000,0x00000000ec000000)
  from space 512K, 90% used [0x00000000ec180000,0x00000000ec1f4030,0x00000000ec200000)
  to   space 512K, 0% used [0x00000000ec200000,0x00000000ec200000,0x00000000ec280000)
 ParOldGen       total 68608K, used 30007K [0x00000000c0000000, 0x00000000c4300000, 0x00000000eab00000)
  object space 68608K, 43% used [0x00000000c0000000,0x00000000c1d4dc90,0x00000000c4300000)
 Metaspace       used 39926K, committed 40960K, reserved 1114112K
  class space    used 3929K, committed 4352K, reserved 1048576K
}
Event: 26.174 GC heap after
{Heap after GC invocations=26 (full 2):
 PSYoungGen      total 22016K, used 224K [0x00000000eab00000, 0x00000000ec280000, 0x0000000100000000)
  eden space 21504K, 0% used [0x00000000eab00000,0x00000000eab00000,0x00000000ec000000)
  from space 512K, 43% used [0x00000000ec200000,0x00000000ec238000,0x00000000ec280000)
  to   space 512K, 0% used [0x00000000ec180000,0x00000000ec180000,0x00000000ec200000)
 ParOldGen       total 68608K, used 30383K [0x00000000c0000000, 0x00000000c4300000, 0x00000000eab00000)
  object space 68608K, 44% used [0x00000000c0000000,0x00000000c1dabce0,0x00000000c4300000)
 Metaspace       used 39926K, committed 40960K, reserved 1114112K
  class space    used 3929K, committed 4352K, reserved 1048576K
}

