GC Precious Log:
 CardTable entry size: 512
 CPUs: 8 total, 8 available
 Memory: 7885M
 Large Page Support: Disabled
 NUMA Support: Disabled
 Compressed Oops: Enabled (32-bit)
 Alignments: Space 512K, Generation 512K, Heap 2M
 Heap Min Capacity: 100M
 Heap Initial Capacity: 100M
 Heap Max Capacity: 1G
 Pre-touch: Disabled
 Parallel Workers: 8
Heap:
 PSYoungGen      total 23552K, used 7885K [0x00000000eab00000, 0x00000000ec600000, 0x0000000100000000)
  eden space 22016K, 32% used [0x00000000eab00000,0x00000000eb1ef200,0x00000000ec080000)
  from space 1536K, 51% used [0x00000000ec380000,0x00000000ec444248,0x00000000ec500000)
  to   space 1024K, 0% used [0x00000000ec500000,0x00000000ec500000,0x00000000ec600000)
 ParOldGen       total 68608K, used 45006K [0x00000000c0000000, 0x00000000c4300000, 0x00000000eab00000)
  object space 68608K, 65% used [0x00000000c0000000,0x00000000c2bf3800,0x00000000c4300000)
 Metaspace       used 58076K, committed 59200K, reserved 1114112K
  class space    used 6207K, committed 6720K, reserved 1048576K
GC Heap History (20 events):
Event: 18.090 GC heap before
{Heap before GC invocations=24 (full 2):
 PSYoungGen      total 24064K, used 24032K [0x00000000eab00000, 0x00000000ec580000, 0x0000000100000000)
  eden space 22016K, 100% used [0x00000000eab00000,0x00000000ec080000,0x00000000ec080000)
  from space 2048K, 98% used [0x00000000ec100000,0x00000000ec2f8030,0x00000000ec300000)
  to   space 2560K, 0% used [0x00000000ec300000,0x00000000ec300000,0x00000000ec580000)
 ParOldGen       total 68608K, used 27879K [0x00000000c0000000, 0x00000000c4300000, 0x00000000eab00000)
  object space 68608K, 40% used [0x00000000c0000000,0x00000000c1b39f28,0x00000000c4300000)
 Metaspace       used 51496K, committed 52672K, reserved 1114112K
  class space    used 5524K, committed 6016K, reserved 1048576K
}
Event: 18.093 GC heap after
{Heap after GC invocations=24 (full 2):
 PSYoungGen      total 24576K, used 2242K [0x00000000eab00000, 0x00000000ec580000, 0x0000000100000000)
  eden space 22016K, 0% used [0x00000000eab00000,0x00000000eab00000,0x00000000ec080000)
  from space 2560K, 87% used [0x00000000ec300000,0x00000000ec530810,0x00000000ec580000)
  to   space 2560K, 0% used [0x00000000ec080000,0x00000000ec080000,0x00000000ec300000)
 ParOldGen       total 68608K, used 29791K [0x00000000c0000000, 0x00000000c4300000, 0x00000000eab00000)
  object space 68608K, 43% used [0x00000000c0000000,0x00000000c1d17f98,0x00000000c4300000)
 Metaspace       used 51496K, committed 52672K, reserved 1114112K
  class space    used 5524K, committed 6016K, reserved 1048576K
}
Event: 18.325 GC heap before
{Heap before GC invocations=25 (full 2):
 PSYoungGen      total 24576K, used 24258K [0x00000000eab00000, 0x00000000ec580000, 0x0000000100000000)
  eden space 22016K, 100% used [0x00000000eab00000,0x00000000ec080000,0x00000000ec080000)
  from space 2560K, 87% used [0x00000000ec300000,0x00000000ec530810,0x00000000ec580000)
  to   space 2560K, 0% used [0x00000000ec080000,0x00000000ec080000,0x00000000ec300000)
 ParOldGen       total 68608K, used 29791K [0x00000000c0000000, 0x00000000c4300000, 0x00000000eab00000)
  object space 68608K, 43% used [0x00000000c0000000,0x00000000c1d17f98,0x00000000c4300000)
 Metaspace       used 51516K, committed 52736K, reserved 1114112K
  class space    used 5524K, committed 6016K, reserved 1048576K
}
Event: 18.330 GC heap after
{Heap after GC invocations=25 (full 2):
 PSYoungGen      total 24576K, used 2304K [0x00000000eab00000, 0x00000000ec580000, 0x0000000100000000)
  eden space 22016K, 0% used [0x00000000eab00000,0x00000000eab00000,0x00000000ec080000)
  from space 2560K, 90% used [0x00000000ec080000,0x00000000ec2c0010,0x00000000ec300000)
  to   space 2560K, 0% used [0x00000000ec300000,0x00000000ec300000,0x00000000ec580000)
 ParOldGen       total 68608K, used 31894K [0x00000000c0000000, 0x00000000c4300000, 0x00000000eab00000)
  object space 68608K, 46% used [0x00000000c0000000,0x00000000c1f258d0,0x00000000c4300000)
 Metaspace       used 51516K, committed 52736K, reserved 1114112K
  class space    used 5524K, committed 6016K, reserved 1048576K
}
Event: 18.604 GC heap before
{Heap before GC invocations=26 (full 2):
 PSYoungGen      total 24576K, used 24320K [0x00000000eab00000, 0x00000000ec580000, 0x0000000100000000)
  eden space 22016K, 100% used [0x00000000eab00000,0x00000000ec080000,0x00000000ec080000)
  from space 2560K, 90% used [0x00000000ec080000,0x00000000ec2c0010,0x00000000ec300000)
  to   space 2560K, 0% used [0x00000000ec300000,0x00000000ec300000,0x00000000ec580000)
 ParOldGen       total 68608K, used 31894K [0x00000000c0000000, 0x00000000c4300000, 0x00000000eab00000)
  object space 68608K, 46% used [0x00000000c0000000,0x00000000c1f258d0,0x00000000c4300000)
 Metaspace       used 51530K, committed 52736K, reserved 1114112K
  class space    used 5524K, committed 6016K, reserved 1048576K
}
Event: 18.609 GC heap after
{Heap after GC invocations=26 (full 2):
 PSYoungGen      total 24576K, used 2052K [0x00000000eab00000, 0x00000000ec580000, 0x0000000100000000)
  eden space 22016K, 0% used [0x00000000eab00000,0x00000000eab00000,0x00000000ec080000)
  from space 2560K, 80% used [0x00000000ec300000,0x00000000ec501000,0x00000000ec580000)
  to   space 2560K, 0% used [0x00000000ec080000,0x00000000ec080000,0x00000000ec300000)
 ParOldGen       total 68608K, used 34086K [0x00000000c0000000, 0x00000000c4300000, 0x00000000eab00000)
  object space 68608K, 49% used [0x00000000c0000000,0x00000000c21498e0,0x00000000c4300000)
 Metaspace       used 51530K, committed 52736K, reserved 1114112K
  class space    used 5524K, committed 6016K, reserved 1048576K
}
Event: 18.793 GC heap before
{Heap before GC invocations=27 (full 2):
 PSYoungGen      total 24576K, used 24068K [0x00000000eab00000, 0x00000000ec580000, 0x0000000100000000)
  eden space 22016K, 100% used [0x00000000eab00000,0x00000000ec080000,0x00000000ec080000)
  from space 2560K, 80% used [0x00000000ec300000,0x00000000ec501000,0x00000000ec580000)
  to   space 2560K, 0% used [0x00000000ec080000,0x00000000ec080000,0x00000000ec300000)
 ParOldGen       total 68608K, used 34086K [0x00000000c0000000, 0x00000000c4300000, 0x00000000eab00000)
  object space 68608K, 49% used [0x00000000c0000000,0x00000000c21498e0,0x00000000c4300000)
 Metaspace       used 51543K, committed 52736K, reserved 1114112K
  class space    used 5525K, committed 6016K, reserved 1048576K
}
Event: 18.798 GC heap after
{Heap after GC invocations=27 (full 2):
 PSYoungGen      total 24576K, used 2240K [0x00000000eab00000, 0x00000000ec580000, 0x0000000100000000)
  eden space 22016K, 0% used [0x00000000eab00000,0x00000000eab00000,0x00000000ec080000)
  from space 2560K, 87% used [0x00000000ec080000,0x00000000ec2b0010,0x00000000ec300000)
  to   space 2560K, 0% used [0x00000000ec300000,0x00000000ec300000,0x00000000ec580000)
 ParOldGen       total 68608K, used 35982K [0x00000000c0000000, 0x00000000c4300000, 0x00000000eab00000)
  object space 68608K, 52% used [0x00000000c0000000,0x00000000c23239e0,0x00000000c4300000)
 Metaspace       used 51543K, committed 52736K, reserved 1114112K
  class space    used 5525K, committed 6016K, reserved 1048576K
}
Event: 18.966 GC heap before
{Heap before GC invocations=28 (full 2):
 PSYoungGen      total 24576K, used 24256K [0x00000000eab00000, 0x00000000ec580000, 0x0000000100000000)
  eden space 22016K, 100% used [0x00000000eab00000,0x00000000ec080000,0x00000000ec080000)
  from space 2560K, 87% used [0x00000000ec080000,0x00000000ec2b0010,0x00000000ec300000)
  to   space 2560K, 0% used [0x00000000ec300000,0x00000000ec300000,0x00000000ec580000)
 ParOldGen       total 68608K, used 35982K [0x00000000c0000000, 0x00000000c4300000, 0x00000000eab00000)
  object space 68608K, 52% used [0x00000000c0000000,0x00000000c23239e0,0x00000000c4300000)
 Metaspace       used 51586K, committed 52800K, reserved 1114112K
  class space    used 5527K, committed 6016K, reserved 1048576K
}
Event: 18.971 GC heap after
{Heap after GC invocations=28 (full 2):
 PSYoungGen      total 24576K, used 1952K [0x00000000eab00000, 0x00000000ec580000, 0x0000000100000000)
  eden space 22016K, 0% used [0x00000000eab00000,0x00000000eab00000,0x00000000ec080000)
  from space 2560K, 76% used [0x00000000ec300000,0x00000000ec4e8000,0x00000000ec580000)
  to   space 2560K, 0% used [0x00000000ec080000,0x00000000ec080000,0x00000000ec300000)
 ParOldGen       total 68608K, used 38078K [0x00000000c0000000, 0x00000000c4300000, 0x00000000eab00000)
  object space 68608K, 55% used [0x00000000c0000000,0x00000000c252f9f0,0x00000000c4300000)
 Metaspace       used 51586K, committed 52800K, reserved 1114112K
  class space    used 5527K, committed 6016K, reserved 1048576K
}
Event: 19.521 GC heap before
{Heap before GC invocations=29 (full 2):
 PSYoungGen      total 24576K, used 23968K [0x00000000eab00000, 0x00000000ec580000, 0x0000000100000000)
  eden space 22016K, 100% used [0x00000000eab00000,0x00000000ec080000,0x00000000ec080000)
  from space 2560K, 76% used [0x00000000ec300000,0x00000000ec4e8000,0x00000000ec580000)
  to   space 2560K, 0% used [0x00000000ec080000,0x00000000ec080000,0x00000000ec300000)
 ParOldGen       total 68608K, used 38078K [0x00000000c0000000, 0x00000000c4300000, 0x00000000eab00000)
  object space 68608K, 55% used [0x00000000c0000000,0x00000000c252f9f0,0x00000000c4300000)
 Metaspace       used 52827K, committed 54016K, reserved 1114112K
  class space    used 5648K, committed 6144K, reserved 1048576K
}
Event: 19.526 GC heap after
{Heap after GC invocations=29 (full 2):
 PSYoungGen      total 24576K, used 2560K [0x00000000eab00000, 0x00000000ecc80000, 0x0000000100000000)
  eden space 22016K, 0% used [0x00000000eab00000,0x00000000eab00000,0x00000000ec080000)
  from space 2560K, 100% used [0x00000000ec080000,0x00000000ec300000,0x00000000ec300000)
  to   space 6144K, 0% used [0x00000000ec680000,0x00000000ec680000,0x00000000ecc80000)
 ParOldGen       total 68608K, used 40715K [0x00000000c0000000, 0x00000000c4300000, 0x00000000eab00000)
  object space 68608K, 59% used [0x00000000c0000000,0x00000000c27c2c68,0x00000000c4300000)
 Metaspace       used 52827K, committed 54016K, reserved 1114112K
  class space    used 5648K, committed 6144K, reserved 1048576K
}
Event: 21.546 GC heap before
{Heap before GC invocations=30 (full 2):
 PSYoungGen      total 24576K, used 24576K [0x00000000eab00000, 0x00000000ecc80000, 0x0000000100000000)
  eden space 22016K, 100% used [0x00000000eab00000,0x00000000ec080000,0x00000000ec080000)
  from space 2560K, 100% used [0x00000000ec080000,0x00000000ec300000,0x00000000ec300000)
  to   space 6144K, 0% used [0x00000000ec680000,0x00000000ec680000,0x00000000ecc80000)
 ParOldGen       total 68608K, used 40715K [0x00000000c0000000, 0x00000000c4300000, 0x00000000eab00000)
  object space 68608K, 59% used [0x00000000c0000000,0x00000000c27c2c68,0x00000000c4300000)
 Metaspace       used 54422K, committed 55680K, reserved 1114112K
  class space    used 5838K, committed 6400K, reserved 1048576K
}
Event: 21.550 GC heap after
{Heap after GC invocations=30 (full 2):
 PSYoungGen      total 23040K, used 965K [0x00000000eab00000, 0x00000000ec780000, 0x0000000100000000)
  eden space 22016K, 0% used [0x00000000eab00000,0x00000000eab00000,0x00000000ec080000)
  from space 1024K, 94% used [0x00000000ec680000,0x00000000ec771698,0x00000000ec780000)
  to   space 2560K, 0% used [0x00000000ec280000,0x00000000ec280000,0x00000000ec500000)
 ParOldGen       total 68608K, used 43301K [0x00000000c0000000, 0x00000000c4300000, 0x00000000eab00000)
  object space 68608K, 63% used [0x00000000c0000000,0x00000000c2a49560,0x00000000c4300000)
 Metaspace       used 54422K, committed 55680K, reserved 1114112K
  class space    used 5838K, committed 6400K, reserved 1048576K
}
Event: 22.534 GC heap before
{Heap before GC invocations=31 (full 2):
 PSYoungGen      total 23040K, used 22981K [0x00000000eab00000, 0x00000000ec780000, 0x0000000100000000)
  eden space 22016K, 100% used [0x00000000eab00000,0x00000000ec080000,0x00000000ec080000)
  from space 1024K, 94% used [0x00000000ec680000,0x00000000ec771698,0x00000000ec780000)
  to   space 2560K, 0% used [0x00000000ec280000,0x00000000ec280000,0x00000000ec500000)
 ParOldGen       total 68608K, used 43301K [0x00000000c0000000, 0x00000000c4300000, 0x00000000eab00000)
  object space 68608K, 63% used [0x00000000c0000000,0x00000000c2a49560,0x00000000c4300000)
 Metaspace       used 55467K, committed 56640K, reserved 1114112K
  class space    used 5929K, committed 6464K, reserved 1048576K
}
Event: 22.537 GC heap after
{Heap after GC invocations=31 (full 2):
 PSYoungGen      total 24576K, used 1101K [0x00000000eab00000, 0x00000000ec700000, 0x0000000100000000)
  eden space 22016K, 0% used [0x00000000eab00000,0x00000000eab00000,0x00000000ec080000)
  from space 2560K, 43% used [0x00000000ec280000,0x00000000ec393710,0x00000000ec500000)
  to   space 1536K, 0% used [0x00000000ec580000,0x00000000ec580000,0x00000000ec700000)
 ParOldGen       total 68608K, used 44045K [0x00000000c0000000, 0x00000000c4300000, 0x00000000eab00000)
  object space 68608K, 64% used [0x00000000c0000000,0x00000000c2b035e0,0x00000000c4300000)
 Metaspace       used 55467K, committed 56640K, reserved 1114112K
  class space    used 5929K, committed 6464K, reserved 1048576K
}
Event: 22.827 GC heap before
{Heap before GC invocations=32 (full 2):
 PSYoungGen      total 24576K, used 23117K [0x00000000eab00000, 0x00000000ec700000, 0x0000000100000000)
  eden space 22016K, 100% used [0x00000000eab00000,0x00000000ec080000,0x00000000ec080000)
  from space 2560K, 43% used [0x00000000ec280000,0x00000000ec393710,0x00000000ec500000)
  to   space 1536K, 0% used [0x00000000ec580000,0x00000000ec580000,0x00000000ec700000)
 ParOldGen       total 68608K, used 44045K [0x00000000c0000000, 0x00000000c4300000, 0x00000000eab00000)
  object space 68608K, 64% used [0x00000000c0000000,0x00000000c2b035e0,0x00000000c4300000)
 Metaspace       used 55501K, committed 56704K, reserved 1114112K
  class space    used 5929K, committed 6464K, reserved 1048576K
}
Event: 22.829 GC heap after
{Heap after GC invocations=32 (full 2):
 PSYoungGen      total 23040K, used 970K [0x00000000eab00000, 0x00000000ec680000, 0x0000000100000000)
  eden space 22016K, 0% used [0x00000000eab00000,0x00000000eab00000,0x00000000ec080000)
  from space 1024K, 94% used [0x00000000ec580000,0x00000000ec6729d0,0x00000000ec680000)
  to   space 1536K, 0% used [0x00000000ec380000,0x00000000ec380000,0x00000000ec500000)
 ParOldGen       total 68608K, used 44832K [0x00000000c0000000, 0x00000000c4300000, 0x00000000eab00000)
  object space 68608K, 65% used [0x00000000c0000000,0x00000000c2bc82c0,0x00000000c4300000)
 Metaspace       used 55501K, committed 56704K, reserved 1114112K
  class space    used 5929K, committed 6464K, reserved 1048576K
}
Event: 26.031 GC heap before
{Heap before GC invocations=33 (full 2):
 PSYoungGen      total 23040K, used 22984K [0x00000000eab00000, 0x00000000ec680000, 0x0000000100000000)
  eden space 22016K, 99% used [0x00000000eab00000,0x00000000ec07f8d0,0x00000000ec080000)
  from space 1024K, 94% used [0x00000000ec580000,0x00000000ec6729d0,0x00000000ec680000)
  to   space 1536K, 0% used [0x00000000ec380000,0x00000000ec380000,0x00000000ec500000)
 ParOldGen       total 68608K, used 44832K [0x00000000c0000000, 0x00000000c4300000, 0x00000000eab00000)
  object space 68608K, 65% used [0x00000000c0000000,0x00000000c2bc82c0,0x00000000c4300000)
 Metaspace       used 57152K, committed 58368K, reserved 1114112K
  class space    used 6091K, committed 6656K, reserved 1048576K
}
Event: 26.033 GC heap after
{Heap after GC invocations=33 (full 2):
 PSYoungGen      total 23552K, used 784K [0x00000000eab00000, 0x00000000ec600000, 0x0000000100000000)
  eden space 22016K, 0% used [0x00000000eab00000,0x00000000eab00000,0x00000000ec080000)
  from space 1536K, 51% used [0x00000000ec380000,0x00000000ec444248,0x00000000ec500000)
  to   space 1024K, 0% used [0x00000000ec500000,0x00000000ec500000,0x00000000ec600000)
 ParOldGen       total 68608K, used 45006K [0x00000000c0000000, 0x00000000c4300000, 0x00000000eab00000)
  object space 68608K, 65% used [0x00000000c0000000,0x00000000c2bf3800,0x00000000c4300000)
 Metaspace       used 57152K, committed 58368K, reserved 1114112K
  class space    used 6091K, committed 6656K, reserved 1048576K
}

