# JRE version: OpenJDK Runtime Environment Temurin-21.0.7+6 (21.0.7+6) (build 21.0.7+6-LTS)
# Java VM: OpenJDK 64-Bit Server VM Temurin-21.0.7+6 (21.0.7+6-LTS, mixed mode, sharing, tiered, compressed oops, compressed class ptrs, parallel gc, windows-amd64)
GC Precious Log:
 CardTable entry size: 512
 CPUs: 8 total, 8 available
 Memory: 7885M
 Large Page Support: Disabled
 NUMA Support: Disabled
 Compressed Oops: Enabled (32-bit)
 Alignments: Space 512K, Generation 512K, Heap 2M
 Heap Min Capacity: 100M
 Heap Initial Capacity: 100M
 Heap Max Capacity: 1G
 Pre-touch: Disabled
 Parallel Workers: 8
Heap:
 PSYoungGen      total 19968K, used 16436K [0x00000000eab00000, 0x00000000ec380000, 0x0000000100000000)
  eden space 19456K, 81% used [0x00000000eab00000,0x00000000eba91fe8,0x00000000ebe00000)
  from space 512K, 96% used [0x00000000ec080000,0x00000000ec0fb3d8,0x00000000ec100000)
  to   space 2560K, 0% used [0x00000000ebe00000,0x00000000ebe00000,0x00000000ec080000)
 ParOldGen       total 68608K, used 31085K [0x00000000c0000000, 0x00000000c4300000, 0x00000000eab00000)
  object space 68608K, 45% used [0x00000000c0000000,0x00000000c1e5b708,0x00000000c4300000)
 Metaspace       used 40635K, committed 41728K, reserved 1114112K
  class space    used 3948K, committed 4480K, reserved 1048576K
GC Heap History (20 events):
Event: 14.658 GC heap before
{Heap before GC invocations=17 (full 1):
 PSYoungGen      total 24576K, used 24288K [0x00000000eab00000, 0x00000000ec580000, 0x0000000100000000)
  eden space 22016K, 100% used [0x00000000eab00000,0x00000000ec080000,0x00000000ec080000)
  from space 2560K, 88% used [0x00000000ec100000,0x00000000ec338030,0x00000000ec380000)
  to   space 2048K, 0% used [0x00000000ec380000,0x00000000ec380000,0x00000000ec580000)
 ParOldGen       total 68608K, used 23808K [0x00000000c0000000, 0x00000000c4300000, 0x00000000eab00000)
  object space 68608K, 34% used [0x00000000c0000000,0x00000000c17402e0,0x00000000c4300000)
 Metaspace       used 33813K, committed 34816K, reserved 1114112K
  class space    used 3347K, committed 3776K, reserved 1048576K
}
Event: 14.663 GC heap after
{Heap after GC invocations=17 (full 1):
 PSYoungGen      total 22016K, used 2048K [0x00000000eab00000, 0x00000000eca80000, 0x0000000100000000)
  eden space 19968K, 0% used [0x00000000eab00000,0x00000000eab00000,0x00000000ebe80000)
  from space 2048K, 100% used [0x00000000ec380000,0x00000000ec580000,0x00000000ec580000)
  to   space 5120K, 0% used [0x00000000ebe80000,0x00000000ebe80000,0x00000000ec380000)
 ParOldGen       total 68608K, used 26024K [0x00000000c0000000, 0x00000000c4300000, 0x00000000eab00000)
  object space 68608K, 37% used [0x00000000c0000000,0x00000000c196a310,0x00000000c4300000)
 Metaspace       used 33813K, committed 34816K, reserved 1114112K
  class space    used 3347K, committed 3776K, reserved 1048576K
}
Event: 14.932 GC heap before
{Heap before GC invocations=18 (full 1):
 PSYoungGen      total 22016K, used 22016K [0x00000000eab00000, 0x00000000eca80000, 0x0000000100000000)
  eden space 19968K, 100% used [0x00000000eab00000,0x00000000ebe80000,0x00000000ebe80000)
  from space 2048K, 100% used [0x00000000ec380000,0x00000000ec580000,0x00000000ec580000)
  to   space 5120K, 0% used [0x00000000ebe80000,0x00000000ebe80000,0x00000000ec380000)
 ParOldGen       total 68608K, used 26024K [0x00000000c0000000, 0x00000000c4300000, 0x00000000eab00000)
  object space 68608K, 37% used [0x00000000c0000000,0x00000000c196a310,0x00000000c4300000)
 Metaspace       used 34029K, committed 35072K, reserved 1114112K
  class space    used 3365K, committed 3840K, reserved 1048576K
}
Event: 14.938 GC heap after
{Heap after GC invocations=18 (full 1):
 PSYoungGen      total 22528K, used 2151K [0x00000000eab00000, 0x00000000ec480000, 0x0000000100000000)
  eden space 19968K, 0% used [0x00000000eab00000,0x00000000eab00000,0x00000000ebe80000)
  from space 2560K, 84% used [0x00000000ebe80000,0x00000000ec099e48,0x00000000ec100000)
  to   space 3072K, 0% used [0x00000000ec180000,0x00000000ec180000,0x00000000ec480000)
 ParOldGen       total 68608K, used 27993K [0x00000000c0000000, 0x00000000c4300000, 0x00000000eab00000)
  object space 68608K, 40% used [0x00000000c0000000,0x00000000c1b56510,0x00000000c4300000)
 Metaspace       used 34029K, committed 35072K, reserved 1114112K
  class space    used 3365K, committed 3840K, reserved 1048576K
}
Event: 15.151 GC heap before
{Heap before GC invocations=19 (full 1):
 PSYoungGen      total 22528K, used 8048K [0x00000000eab00000, 0x00000000ec480000, 0x0000000100000000)
  eden space 19968K, 29% used [0x00000000eab00000,0x00000000eb0c22a8,0x00000000ebe80000)
  from space 2560K, 84% used [0x00000000ebe80000,0x00000000ec099e48,0x00000000ec100000)
  to   space 3072K, 0% used [0x00000000ec180000,0x00000000ec180000,0x00000000ec480000)
 ParOldGen       total 68608K, used 27993K [0x00000000c0000000, 0x00000000c4300000, 0x00000000eab00000)
  object space 68608K, 40% used [0x00000000c0000000,0x00000000c1b56510,0x00000000c4300000)
 Metaspace       used 34810K, committed 35840K, reserved 1114112K
  class space    used 3447K, committed 3904K, reserved 1048576K
}
Event: 15.156 GC heap after
{Heap after GC invocations=19 (full 1):
 PSYoungGen      total 20480K, used 381K [0x00000000eab00000, 0x00000000ec200000, 0x0000000100000000)
  eden space 19968K, 0% used [0x00000000eab00000,0x00000000eab00000,0x00000000ebe80000)
  from space 512K, 74% used [0x00000000ec180000,0x00000000ec1df5d8,0x00000000ec200000)
  to   space 1536K, 0% used [0x00000000ebf00000,0x00000000ebf00000,0x00000000ec080000)
 ParOldGen       total 68608K, used 29714K [0x00000000c0000000, 0x00000000c4300000, 0x00000000eab00000)
  object space 68608K, 43% used [0x00000000c0000000,0x00000000c1d04b78,0x00000000c4300000)
 Metaspace       used 34810K, committed 35840K, reserved 1114112K
  class space    used 3447K, committed 3904K, reserved 1048576K
}
Event: 15.156 GC heap before
{Heap before GC invocations=20 (full 2):
 PSYoungGen      total 20480K, used 381K [0x00000000eab00000, 0x00000000ec200000, 0x0000000100000000)
  eden space 19968K, 0% used [0x00000000eab00000,0x00000000eab00000,0x00000000ebe80000)
  from space 512K, 74% used [0x00000000ec180000,0x00000000ec1df5d8,0x00000000ec200000)
  to   space 1536K, 0% used [0x00000000ebf00000,0x00000000ebf00000,0x00000000ec080000)
 ParOldGen       total 68608K, used 29714K [0x00000000c0000000, 0x00000000c4300000, 0x00000000eab00000)
  object space 68608K, 43% used [0x00000000c0000000,0x00000000c1d04b78,0x00000000c4300000)
 Metaspace       used 34810K, committed 35840K, reserved 1114112K
  class space    used 3447K, committed 3904K, reserved 1048576K
}
Event: 15.235 GC heap after
{Heap after GC invocations=20 (full 2):
 PSYoungGen      total 20480K, used 0K [0x00000000eab00000, 0x00000000ec200000, 0x0000000100000000)
  eden space 19968K, 0% used [0x00000000eab00000,0x00000000eab00000,0x00000000ebe80000)
  from space 512K, 0% used [0x00000000ec180000,0x00000000ec180000,0x00000000ec200000)
  to   space 1536K, 0% used [0x00000000ebf00000,0x00000000ebf00000,0x00000000ec080000)
 ParOldGen       total 68608K, used 28048K [0x00000000c0000000, 0x00000000c4300000, 0x00000000eab00000)
  object space 68608K, 40% used [0x00000000c0000000,0x00000000c1b64388,0x00000000c4300000)
 Metaspace       used 34801K, committed 35840K, reserved 1114112K
  class space    used 3444K, committed 3904K, reserved 1048576K
}
Event: 16.218 GC heap before
{Heap before GC invocations=21 (full 2):
 PSYoungGen      total 20480K, used 19968K [0x00000000eab00000, 0x00000000ec200000, 0x0000000100000000)
  eden space 19968K, 100% used [0x00000000eab00000,0x00000000ebe80000,0x00000000ebe80000)
  from space 512K, 0% used [0x00000000ec180000,0x00000000ec180000,0x00000000ec200000)
  to   space 1536K, 0% used [0x00000000ebf00000,0x00000000ebf00000,0x00000000ec080000)
 ParOldGen       total 68608K, used 28048K [0x00000000c0000000, 0x00000000c4300000, 0x00000000eab00000)
  object space 68608K, 40% used [0x00000000c0000000,0x00000000c1b64388,0x00000000c4300000)
 Metaspace       used 35855K, committed 36864K, reserved 1114112K
  class space    used 3555K, committed 4032K, reserved 1048576K
}
Event: 16.220 GC heap after
{Heap after GC invocations=21 (full 2):
 PSYoungGen      total 21504K, used 640K [0x00000000eab00000, 0x00000000ec200000, 0x0000000100000000)
  eden space 19968K, 0% used [0x00000000eab00000,0x00000000eab00000,0x00000000ebe80000)
  from space 1536K, 41% used [0x00000000ebf00000,0x00000000ebfa0270,0x00000000ec080000)
  to   space 1024K, 0% used [0x00000000ec100000,0x00000000ec100000,0x00000000ec200000)
 ParOldGen       total 68608K, used 28056K [0x00000000c0000000, 0x00000000c4300000, 0x00000000eab00000)
  object space 68608K, 40% used [0x00000000c0000000,0x00000000c1b66388,0x00000000c4300000)
 Metaspace       used 35855K, committed 36864K, reserved 1114112K
  class space    used 3555K, committed 4032K, reserved 1048576K
}
Event: 16.843 GC heap before
{Heap before GC invocations=22 (full 2):
 PSYoungGen      total 21504K, used 20608K [0x00000000eab00000, 0x00000000ec200000, 0x0000000100000000)
  eden space 19968K, 100% used [0x00000000eab00000,0x00000000ebe80000,0x00000000ebe80000)
  from space 1536K, 41% used [0x00000000ebf00000,0x00000000ebfa0270,0x00000000ec080000)
  to   space 1024K, 0% used [0x00000000ec100000,0x00000000ec100000,0x00000000ec200000)
 ParOldGen       total 68608K, used 28056K [0x00000000c0000000, 0x00000000c4300000, 0x00000000eab00000)
  object space 68608K, 40% used [0x00000000c0000000,0x00000000c1b66388,0x00000000c4300000)
 Metaspace       used 37348K, committed 38400K, reserved 1114112K
  class space    used 3709K, committed 4160K, reserved 1048576K
}
Event: 16.845 GC heap after
{Heap after GC invocations=22 (full 2):
 PSYoungGen      total 20480K, used 448K [0x00000000eab00000, 0x00000000ec180000, 0x0000000100000000)
  eden space 19968K, 0% used [0x00000000eab00000,0x00000000eab00000,0x00000000ebe80000)
  from space 512K, 87% used [0x00000000ec100000,0x00000000ec170000,0x00000000ec180000)
  to   space 1024K, 0% used [0x00000000ebf80000,0x00000000ebf80000,0x00000000ec080000)
 ParOldGen       total 68608K, used 28360K [0x00000000c0000000, 0x00000000c4300000, 0x00000000eab00000)
  object space 68608K, 41% used [0x00000000c0000000,0x00000000c1bb23a8,0x00000000c4300000)
 Metaspace       used 37348K, committed 38400K, reserved 1114112K
  class space    used 3709K, committed 4160K, reserved 1048576K
}
Event: 20.135 GC heap before
{Heap before GC invocations=23 (full 2):
 PSYoungGen      total 20480K, used 20416K [0x00000000eab00000, 0x00000000ec180000, 0x0000000100000000)
  eden space 19968K, 100% used [0x00000000eab00000,0x00000000ebe80000,0x00000000ebe80000)
  from space 512K, 87% used [0x00000000ec100000,0x00000000ec170000,0x00000000ec180000)
  to   space 1024K, 0% used [0x00000000ebf80000,0x00000000ebf80000,0x00000000ec080000)
 ParOldGen       total 68608K, used 28360K [0x00000000c0000000, 0x00000000c4300000, 0x00000000eab00000)
  object space 68608K, 41% used [0x00000000c0000000,0x00000000c1bb23a8,0x00000000c4300000)
 Metaspace       used 39346K, committed 40448K, reserved 1114112K
  class space    used 3901K, committed 4416K, reserved 1048576K
}
Event: 20.138 GC heap after
{Heap after GC invocations=23 (full 2):
 PSYoungGen      total 20992K, used 880K [0x00000000eab00000, 0x00000000ec180000, 0x0000000100000000)
  eden space 19968K, 0% used [0x00000000eab00000,0x00000000eab00000,0x00000000ebe80000)
  from space 1024K, 85% used [0x00000000ebf80000,0x00000000ec05c048,0x00000000ec080000)
  to   space 1024K, 0% used [0x00000000ec080000,0x00000000ec080000,0x00000000ec180000)
 ParOldGen       total 68608K, used 28648K [0x00000000c0000000, 0x00000000c4300000, 0x00000000eab00000)
  object space 68608K, 41% used [0x00000000c0000000,0x00000000c1bfa3a8,0x00000000c4300000)
 Metaspace       used 39346K, committed 40448K, reserved 1114112K
  class space    used 3901K, committed 4416K, reserved 1048576K
}
Event: 23.395 GC heap before
{Heap before GC invocations=24 (full 2):
 PSYoungGen      total 20992K, used 20848K [0x00000000eab00000, 0x00000000ec180000, 0x0000000100000000)
  eden space 19968K, 100% used [0x00000000eab00000,0x00000000ebe80000,0x00000000ebe80000)
  from space 1024K, 85% used [0x00000000ebf80000,0x00000000ec05c048,0x00000000ec080000)
  to   space 1024K, 0% used [0x00000000ec080000,0x00000000ec080000,0x00000000ec180000)
 ParOldGen       total 68608K, used 28648K [0x00000000c0000000, 0x00000000c4300000, 0x00000000eab00000)
  object space 68608K, 41% used [0x00000000c0000000,0x00000000c1bfa3a8,0x00000000c4300000)
 Metaspace       used 40033K, committed 41152K, reserved 1114112K
  class space    used 3914K, committed 4416K, reserved 1048576K
}
Event: 23.397 GC heap after
{Heap after GC invocations=24 (full 2):
 PSYoungGen      total 20992K, used 528K [0x00000000eab00000, 0x00000000ec180000, 0x0000000100000000)
  eden space 19968K, 0% used [0x00000000eab00000,0x00000000eab00000,0x00000000ebe80000)
  from space 1024K, 51% used [0x00000000ec080000,0x00000000ec104030,0x00000000ec180000)
  to   space 1024K, 0% used [0x00000000ebf80000,0x00000000ebf80000,0x00000000ec080000)
 ParOldGen       total 68608K, used 29309K [0x00000000c0000000, 0x00000000c4300000, 0x00000000eab00000)
  object space 68608K, 42% used [0x00000000c0000000,0x00000000c1c9f4b0,0x00000000c4300000)
 Metaspace       used 40033K, committed 41152K, reserved 1114112K
  class space    used 3914K, committed 4416K, reserved 1048576K
}
Event: 32.484 GC heap before
{Heap before GC invocations=25 (full 2):
 PSYoungGen      total 20992K, used 20496K [0x00000000eab00000, 0x00000000ec180000, 0x0000000100000000)
  eden space 19968K, 100% used [0x00000000eab00000,0x00000000ebe80000,0x00000000ebe80000)
  from space 1024K, 51% used [0x00000000ec080000,0x00000000ec104030,0x00000000ec180000)
  to   space 1024K, 0% used [0x00000000ebf80000,0x00000000ebf80000,0x00000000ec080000)
 ParOldGen       total 68608K, used 29309K [0x00000000c0000000, 0x00000000c4300000, 0x00000000eab00000)
  object space 68608K, 42% used [0x00000000c0000000,0x00000000c1c9f4b0,0x00000000c4300000)
 Metaspace       used 40135K, committed 41216K, reserved 1114112K
  class space    used 3914K, committed 4416K, reserved 1048576K
}
Event: 32.485 GC heap after
{Heap after GC invocations=25 (full 2):
 PSYoungGen      total 20992K, used 256K [0x00000000eab00000, 0x00000000ec100000, 0x0000000100000000)
  eden space 19968K, 0% used [0x00000000eab00000,0x00000000eab00000,0x00000000ebe80000)
  from space 1024K, 25% used [0x00000000ebf80000,0x00000000ebfc0000,0x00000000ec080000)
  to   space 512K, 0% used [0x00000000ec080000,0x00000000ec080000,0x00000000ec100000)
 ParOldGen       total 68608K, used 29788K [0x00000000c0000000, 0x00000000c4300000, 0x00000000eab00000)
  object space 68608K, 43% used [0x00000000c0000000,0x00000000c1d17398,0x00000000c4300000)
 Metaspace       used 40135K, committed 41216K, reserved 1114112K
  class space    used 3914K, committed 4416K, reserved 1048576K
}
Event: 37.501 GC heap before
{Heap before GC invocations=26 (full 2):
 PSYoungGen      total 20992K, used 20224K [0x00000000eab00000, 0x00000000ec100000, 0x0000000100000000)
  eden space 19968K, 100% used [0x00000000eab00000,0x00000000ebe80000,0x00000000ebe80000)
  from space 1024K, 25% used [0x00000000ebf80000,0x00000000ebfc0000,0x00000000ec080000)
  to   space 512K, 0% used [0x00000000ec080000,0x00000000ec080000,0x00000000ec100000)
 ParOldGen       total 68608K, used 29788K [0x00000000c0000000, 0x00000000c4300000, 0x00000000eab00000)
  object space 68608K, 43% used [0x00000000c0000000,0x00000000c1d17398,0x00000000c4300000)
 Metaspace       used 40605K, committed 41728K, reserved 1114112K
  class space    used 3948K, committed 4480K, reserved 1048576K
}
Event: 37.504 GC heap after
{Heap after GC invocations=26 (full 2):
 PSYoungGen      total 19968K, used 492K [0x00000000eab00000, 0x00000000ec380000, 0x0000000100000000)
  eden space 19456K, 0% used [0x00000000eab00000,0x00000000eab00000,0x00000000ebe00000)
  from space 512K, 96% used [0x00000000ec080000,0x00000000ec0fb3d8,0x00000000ec100000)
  to   space 2560K, 0% used [0x00000000ebe00000,0x00000000ebe00000,0x00000000ec080000)
 ParOldGen       total 68608K, used 31085K [0x00000000c0000000, 0x00000000c4300000, 0x00000000eab00000)
  object space 68608K, 45% used [0x00000000c0000000,0x00000000c1e5b708,0x00000000c4300000)
 Metaspace       used 40605K, committed 41728K, reserved 1114112K
  class space    used 3948K, committed 4480K, reserved 1048576K
}

